2021-10-01T13:42:56.169Z|info : amplify configure core  
2021-10-01T13:42:56.237Z|info : amplify-cli-core.banner-message/index.ts.fetch banner messages from https://aws-amplify.github.io/amplify-cli/banner-message.json({}
2021-10-01T13:48:24.479Z|info : amplify-provider-awscloudformation.system-config-manager.setProfile.writecredetialsFilePath(["/home/karol/.aws/credentials"])
2021-10-01T13:52:29.234Z|info : amplify help core  
2021-10-01T13:54:18.153Z|info : amplify configure core  
2021-10-01T13:54:18.215Z|info : amplify-cli-core.banner-message/index.ts.fetch banner messages from https://aws-amplify.github.io/amplify-cli/banner-message.json({}
2021-10-01T13:59:46.509Z|info : amplify pull core  {"appId":"[***]zfeaui","envName":"[***]ing","yes":false}
2021-10-01T13:59:46.573Z|info : amplify-cli-core.banner-message/index.ts.fetch banner messages from https://aws-amplify.github.io/amplify-cli/banner-message.json({}
2021-10-01T14:11:09.097Z|info : amplify pull core  {"appId":"[***]zfeaui","envName":"[***]ing","yes":false}
2021-10-01T14:11:09.163Z|info : amplify-cli-core.banner-message/index.ts.fetch banner messages from https://aws-amplify.github.io/amplify-cli/banner-message.json({}
2021-10-01T14:11:26.198Z|info : amplify-provider-awscloudformation.amplify-service-permission-check.checkAmplifyServiceIAMPermission.amplifyClient.listApps([])
2021-10-01T14:11:26.468Z|info : amplify-provider-awscloudformation.attach-backend.getAmplifyApp.amplifyClient.getApp([{"appId":"[***]zfeaui"}])
2021-10-01T14:11:26.698Z|info : amplify-provider-awscloudformation.attach-backend.getBackendEnv.amplifyClient.getBackendEnvironment([{"appId":"[***]zfeaui","environmentName":"[***]ing"}])
2021-10-01T14:11:26.852Z|info : amplify-provider-awscloudformation.attach-backend.downloadBackend.s3.getObject([{"Key":"[***]rent-[***]ud-[***]d.zip","Bucket":"[***]ify-[***]7a465764-[***]ing-[***]651-[***]ment"}])
2021-10-01T14:11:27.215Z|info : amplify-provider-awscloudformation.hooks-manager.downloadHooks.s3.listObjects([{"Prefix":"hooks/","Bucket":"[***]ify-[***]7a465764-[***]ing-[***]651-[***]ment"}])
2021-10-01T14:13:14.804Z|info : amplify-provider-awscloudformation.zip-util.downloadZip.s3.getFile([{"Key":"[***]rent-[***]ud-[***]d.zip"},null])
2021-10-01T14:13:14.808Z|info : amplify-provider-awscloudformation.aws-s3.s3.getFile([{"Key":"[***]rent-[***]ud-[***]d.zip","Bucket":"[***]ify-[***]7a465764-[***]ing-[***]651-[***]ment"}])
2021-10-01T14:13:15.106Z|info : amplify-provider-awscloudformation.aws-s3.getAllObjectKey.s3.listObjectVersions([{"Bucket":"[***]ify-[***]7a465764-[***]ing-[***]651-[***]ment","Prefix":"hooks/"}])
2021-10-01T14:13:15.362Z|info : amplify-provider-awscloudformation.initialize-env.run.cfn.updateamplifyMetaFileWithStackOutputs([{"StackName":"[***]ify-[***]7a465764-[***]ing-[***]651"}])
2021-10-01T14:13:15.364Z|info : amplify-provider-awscloudformation.aws-cfn.updateamplifyMetaFileWithStackOutputs.cfn.describeStackResources([{"StackName":"[***]ify-[***]7a465764-[***]ing-[***]651"}])
2021-10-01T14:13:15.740Z|info : amplify-provider-awscloudformation.aws-s3.s3.getFile([{"Key":"[***]ify-[***]json","Bucket":"[***]ify-[***]7a465764-[***]ing-[***]651-[***]ment"}])
2021-10-01T14:13:39.860Z|info : amplify console core  
2021-10-01T14:13:39.927Z|info : amplify-cli-core.banner-message/index.ts.fetch banner messages from https://aws-amplify.github.io/amplify-cli/banner-message.json({}
2021-10-01T14:17:09.350Z|info : amplify add auth  
2021-10-01T14:17:09.413Z|info : amplify-cli-core.banner-message/index.ts.fetch banner messages from https://aws-amplify.github.io/amplify-cli/banner-message.json({}
2021-10-01T14:18:12.290Z|info : amplify push core  {"yes":true}
2021-10-01T14:18:12.375Z|info : amplify-cli-core.banner-message/index.ts.fetch banner messages from https://aws-amplify.github.io/amplify-cli/banner-message.json({}
2021-10-01T14:18:21.523Z|info : amplify-provider-awscloudformation.aws-s3.deleteDirectory.s3.getAllObjectVersions([{"BucketName":"[***]ify-[***]7a465764-[***]ing-[***]651-[***]ment"}])
2021-10-01T14:18:21.524Z|info : amplify-provider-awscloudformation.aws-s3.getAllObjectKey.s3.listObjectVersions([{"Bucket":"[***]ify-[***]7a465764-[***]ing-[***]651-[***]ment","Prefix":"hooks/"}])
2021-10-01T14:18:23.174Z|info : amplify-provider-awscloudformation.zip-util.downloadZip.s3.getFile([{"Key":"[***]rent-[***]ud-[***]d.zip"},null])
2021-10-01T14:18:23.176Z|info : amplify-provider-awscloudformation.aws-s3.s3.getFile([{"Key":"[***]rent-[***]ud-[***]d.zip","Bucket":"[***]ify-[***]7a465764-[***]ing-[***]651-[***]ment"}])
2021-10-01T14:18:23.471Z|info : amplify-provider-awscloudformation.initialize-env.run.cfn.updateamplifyMetaFileWithStackOutputs([{"StackName":"[***]ify-[***]7a465764-[***]ing-[***]651"}])
2021-10-01T14:18:23.473Z|info : amplify-provider-awscloudformation.aws-cfn.updateamplifyMetaFileWithStackOutputs.cfn.describeStackResources([{"StackName":"[***]ify-[***]7a465764-[***]ing-[***]651"}])
2021-10-01T14:18:23.905Z|info : amplify-provider-awscloudformation.aws-s3.s3.getFile([{"Key":"[***]ify-[***]json","Bucket":"[***]ify-[***]7a465764-[***]ing-[***]651-[***]ment"}])
2021-10-01T14:18:24.694Z|info : amplify-provider-awscloudformation.aws-s3.uploadFile.s3.putObject([{"Key":"[***]ify-[***]fn-[***]ates/[***]th/[***]a9680-[***]mation-[***]e.yml","Bucket":"[***]ify-[***]7a465764-[***]ing-[***]651-[***]ment"}])
2021-10-01T14:18:27.026Z|info : amplify-provider-awscloudformation.push-resources.updateCloudFormationNestedStack(["/home/karol/amplify/backend/awscloudformation","/home/karol/amplify/backend/awscloudformation/build/awscloudformation/nested-cloudformation-stack.yml"])
2021-10-01T14:18:27.030Z|info : amplify-provider-awscloudformation.aws-cfn.updateResourceStack.s3.uploadFile([{}])
2021-10-01T14:18:27.031Z|info : amplify-provider-awscloudformation.aws-s3.uploadFile.s3.putObject([{"Key":"[***]ted-[***]mation-[***].yml","Bucket":"[***]ify-[***]7a465764-[***]ing-[***]651-[***]ment"}])
2021-10-01T14:18:27.430Z|info : amplify-provider-awscloudformation.aws-cfn.updateResourceStack.describeStack([{"StackName":"[***]ify-[***]7a465764-[***]ing-[***]651"}])
2021-10-01T14:18:27.431Z|info : amplify-provider-awscloudformation.aws-cfn.describeStack.cfn.describeStacks([{"StackName":"[***]ify-[***]7a465764-[***]ing-[***]651"}])
2021-10-01T14:18:27.715Z|info : amplify-provider-awscloudformation.aws-cfn.updateResourceStack.updateStack([{"StackName":"[***]ify-[***]7a465764-[***]ing-[***]651"}])
2021-10-01T14:18:33.506Z|info : amplify-provider-awscloudformation.aws-cfn.getStackEvents.cfnModel.describeStackEvents([{"StackName":"[***]ify-[***]7a465764-[***]ing-[***]651"}])
2021-10-01T14:18:33.862Z|info : amplify-provider-awscloudformation.aws-cfn.getStackEvents.cfnModel.describeStackEvents([{"StackName":"[***]rmation:eu-[***]st-[***]05:stack/[***]ify-[***]7a465764-[***]ing-[***]651/[***]8fe0-[***]bf-[***]ec-[***]60-[***]e8acf"}])
2021-10-01T14:18:38.505Z|info : amplify-provider-awscloudformation.aws-cfn.getStackEvents.cfnModel.describeStackEvents([{"StackName":"[***]ify-[***]7a465764-[***]ing-[***]651"}])
2021-10-01T14:18:38.897Z|info : amplify-provider-awscloudformation.aws-cfn.getStackEvents.cfnModel.describeStackEvents([{"StackName":"[***]rmation:eu-[***]st-[***]05:stack/[***]ify-[***]7a465764-[***]ing-[***]651/[***]8fe0-[***]bf-[***]ec-[***]60-[***]e8acf"}])
2021-10-01T14:18:43.500Z|info : amplify-provider-awscloudformation.aws-cfn.getStackEvents.cfnModel.describeStackEvents([{"StackName":"[***]ify-[***]7a465764-[***]ing-[***]651"}])
2021-10-01T14:18:43.876Z|info : amplify-provider-awscloudformation.aws-cfn.getStackEvents.cfnModel.describeStackEvents([{"StackName":"[***]rmation:eu-[***]st-[***]05:stack/[***]ify-[***]7a465764-[***]ing-[***]651/[***]8fe0-[***]bf-[***]ec-[***]60-[***]e8acf"}])
2021-10-01T14:18:48.501Z|info : amplify-provider-awscloudformation.aws-cfn.getStackEvents.cfnModel.describeStackEvents([{"StackName":"[***]ify-[***]7a465764-[***]ing-[***]651"}])
2021-10-01T14:18:48.803Z|info : amplify-provider-awscloudformation.aws-cfn.getStackEvents.cfnModel.describeStackEvents([{"StackName":"[***]rmation:eu-[***]st-[***]05:stack/[***]ify-[***]7a465764-[***]ing-[***]651/[***]8fe0-[***]bf-[***]ec-[***]60-[***]e8acf"}])
2021-10-01T14:18:53.501Z|info : amplify-provider-awscloudformation.aws-cfn.getStackEvents.cfnModel.describeStackEvents([{"StackName":"[***]ify-[***]7a465764-[***]ing-[***]651"}])
2021-10-01T14:18:53.913Z|info : amplify-provider-awscloudformation.aws-cfn.getStackEvents.cfnModel.describeStackEvents([{"StackName":"[***]rmation:eu-[***]st-[***]05:stack/[***]ify-[***]7a465764-[***]ing-[***]651-[***]9aa9680-[***]MXQEVE/[***]25c0-[***]c2-[***]ec-[***]a4-[***]8fd17"}])
2021-10-01T14:18:54.013Z|info : amplify-provider-awscloudformation.aws-cfn.getStackEvents.cfnModel.describeStackEvents([{"StackName":"[***]rmation:eu-[***]st-[***]05:stack/[***]ify-[***]7a465764-[***]ing-[***]651/[***]8fe0-[***]bf-[***]ec-[***]60-[***]e8acf"}])
2021-10-01T14:18:54.337Z|info : amplify-provider-awscloudformation.aws-cfn.getStackEvents.cfnModel.describeStackEvents([{"StackName":"[***]rmation:eu-[***]st-[***]05:stack/[***]ify-[***]7a465764-[***]ing-[***]651-[***]9aa9680-[***]MXQEVE/[***]25c0-[***]c2-[***]ec-[***]a4-[***]8fd17"}])
2021-10-01T14:18:58.503Z|info : amplify-provider-awscloudformation.aws-cfn.getStackEvents.cfnModel.describeStackEvents([{"StackName":"[***]ify-[***]7a465764-[***]ing-[***]651"}])
2021-10-01T14:18:58.863Z|info : amplify-provider-awscloudformation.aws-cfn.getStackEvents.cfnModel.describeStackEvents([{"StackName":"[***]rmation:eu-[***]st-[***]05:stack/[***]ify-[***]7a465764-[***]ing-[***]651-[***]9aa9680-[***]MXQEVE/[***]25c0-[***]c2-[***]ec-[***]a4-[***]8fd17"}])
2021-10-01T14:18:58.962Z|info : amplify-provider-awscloudformation.aws-cfn.getStackEvents.cfnModel.describeStackEvents([{"StackName":"[***]rmation:eu-[***]st-[***]05:stack/[***]ify-[***]7a465764-[***]ing-[***]651/[***]8fe0-[***]bf-[***]ec-[***]60-[***]e8acf"}])
2021-10-01T14:18:59.281Z|info : amplify-provider-awscloudformation.aws-cfn.getStackEvents.cfnModel.describeStackEvents([{"StackName":"[***]rmation:eu-[***]st-[***]05:stack/[***]ify-[***]7a465764-[***]ing-[***]651-[***]9aa9680-[***]MXQEVE/[***]25c0-[***]c2-[***]ec-[***]a4-[***]8fd17"}])
2021-10-01T14:19:03.502Z|info : amplify-provider-awscloudformation.aws-cfn.getStackEvents.cfnModel.describeStackEvents([{"StackName":"[***]ify-[***]7a465764-[***]ing-[***]651"}])
2021-10-01T14:19:04.013Z|info : amplify-provider-awscloudformation.aws-cfn.getStackEvents.cfnModel.describeStackEvents([{"StackName":"[***]rmation:eu-[***]st-[***]05:stack/[***]ify-[***]7a465764-[***]ing-[***]651-[***]9aa9680-[***]MXQEVE/[***]25c0-[***]c2-[***]ec-[***]a4-[***]8fd17"}])
2021-10-01T14:19:04.113Z|info : amplify-provider-awscloudformation.aws-cfn.getStackEvents.cfnModel.describeStackEvents([{"StackName":"[***]rmation:eu-[***]st-[***]05:stack/[***]ify-[***]7a465764-[***]ing-[***]651/[***]8fe0-[***]bf-[***]ec-[***]60-[***]e8acf"}])
2021-10-01T14:19:04.483Z|info : amplify-provider-awscloudformation.aws-cfn.getStackEvents.cfnModel.describeStackEvents([{"StackName":"[***]rmation:eu-[***]st-[***]05:stack/[***]ify-[***]7a465764-[***]ing-[***]651-[***]9aa9680-[***]MXQEVE/[***]25c0-[***]c2-[***]ec-[***]a4-[***]8fd17"}])
2021-10-01T14:19:08.502Z|info : amplify-provider-awscloudformation.aws-cfn.getStackEvents.cfnModel.describeStackEvents([{"StackName":"[***]ify-[***]7a465764-[***]ing-[***]651"}])
2021-10-01T14:19:08.829Z|info : amplify-provider-awscloudformation.aws-cfn.getStackEvents.cfnModel.describeStackEvents([{"StackName":"[***]rmation:eu-[***]st-[***]05:stack/[***]ify-[***]7a465764-[***]ing-[***]651-[***]9aa9680-[***]MXQEVE/[***]25c0-[***]c2-[***]ec-[***]a4-[***]8fd17"}])
2021-10-01T14:19:08.929Z|info : amplify-provider-awscloudformation.aws-cfn.getStackEvents.cfnModel.describeStackEvents([{"StackName":"[***]rmation:eu-[***]st-[***]05:stack/[***]ify-[***]7a465764-[***]ing-[***]651/[***]8fe0-[***]bf-[***]ec-[***]60-[***]e8acf"}])
2021-10-01T14:19:09.301Z|info : amplify-provider-awscloudformation.aws-cfn.getStackEvents.cfnModel.describeStackEvents([{"StackName":"[***]rmation:eu-[***]st-[***]05:stack/[***]ify-[***]7a465764-[***]ing-[***]651-[***]9aa9680-[***]MXQEVE/[***]25c0-[***]c2-[***]ec-[***]a4-[***]8fd17"}])
2021-10-01T14:19:13.501Z|info : amplify-provider-awscloudformation.aws-cfn.getStackEvents.cfnModel.describeStackEvents([{"StackName":"[***]ify-[***]7a465764-[***]ing-[***]651"}])
2021-10-01T14:19:13.937Z|info : amplify-provider-awscloudformation.aws-cfn.getStackEvents.cfnModel.describeStackEvents([{"StackName":"[***]rmation:eu-[***]st-[***]05:stack/[***]ify-[***]7a465764-[***]ing-[***]651-[***]9aa9680-[***]MXQEVE/[***]25c0-[***]c2-[***]ec-[***]a4-[***]8fd17"}])
2021-10-01T14:19:14.036Z|info : amplify-provider-awscloudformation.aws-cfn.getStackEvents.cfnModel.describeStackEvents([{"StackName":"[***]rmation:eu-[***]st-[***]05:stack/[***]ify-[***]7a465764-[***]ing-[***]651/[***]8fe0-[***]bf-[***]ec-[***]60-[***]e8acf"}])
2021-10-01T14:19:14.403Z|info : amplify-provider-awscloudformation.aws-cfn.getStackEvents.cfnModel.describeStackEvents([{"StackName":"[***]rmation:eu-[***]st-[***]05:stack/[***]ify-[***]7a465764-[***]ing-[***]651-[***]9aa9680-[***]MXQEVE/[***]25c0-[***]c2-[***]ec-[***]a4-[***]8fd17"}])
2021-10-01T14:19:18.501Z|info : amplify-provider-awscloudformation.aws-cfn.getStackEvents.cfnModel.describeStackEvents([{"StackName":"[***]ify-[***]7a465764-[***]ing-[***]651"}])
2021-10-01T14:19:18.860Z|info : amplify-provider-awscloudformation.aws-cfn.getStackEvents.cfnModel.describeStackEvents([{"StackName":"[***]rmation:eu-[***]st-[***]05:stack/[***]ify-[***]7a465764-[***]ing-[***]651-[***]9aa9680-[***]MXQEVE/[***]25c0-[***]c2-[***]ec-[***]a4-[***]8fd17"}])
2021-10-01T14:19:18.958Z|info : amplify-provider-awscloudformation.aws-cfn.getStackEvents.cfnModel.describeStackEvents([{"StackName":"[***]rmation:eu-[***]st-[***]05:stack/[***]ify-[***]7a465764-[***]ing-[***]651/[***]8fe0-[***]bf-[***]ec-[***]60-[***]e8acf"}])
2021-10-01T14:19:19.293Z|info : amplify-provider-awscloudformation.aws-cfn.getStackEvents.cfnModel.describeStackEvents([{"StackName":"[***]rmation:eu-[***]st-[***]05:stack/[***]ify-[***]7a465764-[***]ing-[***]651-[***]9aa9680-[***]MXQEVE/[***]25c0-[***]c2-[***]ec-[***]a4-[***]8fd17"}])
2021-10-01T14:19:23.503Z|info : amplify-provider-awscloudformation.aws-cfn.getStackEvents.cfnModel.describeStackEvents([{"StackName":"[***]ify-[***]7a465764-[***]ing-[***]651"}])
2021-10-01T14:19:24.118Z|info : amplify-provider-awscloudformation.aws-cfn.getStackEvents.cfnModel.describeStackEvents([{"StackName":"[***]rmation:eu-[***]st-[***]05:stack/[***]ify-[***]7a465764-[***]ing-[***]651-[***]9aa9680-[***]MXQEVE/[***]25c0-[***]c2-[***]ec-[***]a4-[***]8fd17"}])
2021-10-01T14:19:24.218Z|info : amplify-provider-awscloudformation.aws-cfn.getStackEvents.cfnModel.describeStackEvents([{"StackName":"[***]rmation:eu-[***]st-[***]05:stack/[***]ify-[***]7a465764-[***]ing-[***]651/[***]8fe0-[***]bf-[***]ec-[***]60-[***]e8acf"}])
2021-10-01T14:19:24.536Z|info : amplify-provider-awscloudformation.aws-cfn.getStackEvents.cfnModel.describeStackEvents([{"StackName":"[***]rmation:eu-[***]st-[***]05:stack/[***]ify-[***]7a465764-[***]ing-[***]651-[***]9aa9680-[***]MXQEVE/[***]25c0-[***]c2-[***]ec-[***]a4-[***]8fd17"}])
2021-10-01T14:19:28.504Z|info : amplify-provider-awscloudformation.aws-cfn.getStackEvents.cfnModel.describeStackEvents([{"StackName":"[***]ify-[***]7a465764-[***]ing-[***]651"}])
2021-10-01T14:19:28.895Z|info : amplify-provider-awscloudformation.aws-cfn.getStackEvents.cfnModel.describeStackEvents([{"StackName":"[***]rmation:eu-[***]st-[***]05:stack/[***]ify-[***]7a465764-[***]ing-[***]651-[***]9aa9680-[***]MXQEVE/[***]25c0-[***]c2-[***]ec-[***]a4-[***]8fd17"}])
2021-10-01T14:19:28.994Z|info : amplify-provider-awscloudformation.aws-cfn.getStackEvents.cfnModel.describeStackEvents([{"StackName":"[***]rmation:eu-[***]st-[***]05:stack/[***]ify-[***]7a465764-[***]ing-[***]651/[***]8fe0-[***]bf-[***]ec-[***]60-[***]e8acf"}])
2021-10-01T14:19:29.352Z|info : amplify-provider-awscloudformation.aws-cfn.getStackEvents.cfnModel.describeStackEvents([{"StackName":"[***]rmation:eu-[***]st-[***]05:stack/[***]ify-[***]7a465764-[***]ing-[***]651-[***]9aa9680-[***]MXQEVE/[***]25c0-[***]c2-[***]ec-[***]a4-[***]8fd17"}])
2021-10-01T14:19:33.504Z|info : amplify-provider-awscloudformation.aws-cfn.getStackEvents.cfnModel.describeStackEvents([{"StackName":"[***]ify-[***]7a465764-[***]ing-[***]651"}])
2021-10-01T14:19:33.933Z|info : amplify-provider-awscloudformation.aws-cfn.getStackEvents.cfnModel.describeStackEvents([{"StackName":"[***]rmation:eu-[***]st-[***]05:stack/[***]ify-[***]7a465764-[***]ing-[***]651-[***]9aa9680-[***]MXQEVE/[***]25c0-[***]c2-[***]ec-[***]a4-[***]8fd17"}])
2021-10-01T14:19:34.033Z|info : amplify-provider-awscloudformation.aws-cfn.getStackEvents.cfnModel.describeStackEvents([{"StackName":"[***]rmation:eu-[***]st-[***]05:stack/[***]ify-[***]7a465764-[***]ing-[***]651/[***]8fe0-[***]bf-[***]ec-[***]60-[***]e8acf"}])
2021-10-01T14:19:34.394Z|info : amplify-provider-awscloudformation.aws-cfn.getStackEvents.cfnModel.describeStackEvents([{"StackName":"[***]rmation:eu-[***]st-[***]05:stack/[***]ify-[***]7a465764-[***]ing-[***]651-[***]9aa9680-[***]MXQEVE/[***]25c0-[***]c2-[***]ec-[***]a4-[***]8fd17"}])
2021-10-01T14:19:38.503Z|info : amplify-provider-awscloudformation.aws-cfn.getStackEvents.cfnModel.describeStackEvents([{"StackName":"[***]ify-[***]7a465764-[***]ing-[***]651"}])
2021-10-01T14:19:38.888Z|info : amplify-provider-awscloudformation.aws-cfn.getStackEvents.cfnModel.describeStackEvents([{"StackName":"[***]rmation:eu-[***]st-[***]05:stack/[***]ify-[***]7a465764-[***]ing-[***]651-[***]9aa9680-[***]MXQEVE/[***]25c0-[***]c2-[***]ec-[***]a4-[***]8fd17"}])
2021-10-01T14:19:38.987Z|info : amplify-provider-awscloudformation.aws-cfn.getStackEvents.cfnModel.describeStackEvents([{"StackName":"[***]rmation:eu-[***]st-[***]05:stack/[***]ify-[***]7a465764-[***]ing-[***]651/[***]8fe0-[***]bf-[***]ec-[***]60-[***]e8acf"}])
2021-10-01T14:19:39.304Z|info : amplify-provider-awscloudformation.aws-cfn.getStackEvents.cfnModel.describeStackEvents([{"StackName":"[***]rmation:eu-[***]st-[***]05:stack/[***]ify-[***]7a465764-[***]ing-[***]651-[***]9aa9680-[***]MXQEVE/[***]25c0-[***]c2-[***]ec-[***]a4-[***]8fd17"}])
2021-10-01T14:19:43.504Z|info : amplify-provider-awscloudformation.aws-cfn.getStackEvents.cfnModel.describeStackEvents([{"StackName":"[***]ify-[***]7a465764-[***]ing-[***]651"}])
2021-10-01T14:19:43.989Z|info : amplify-provider-awscloudformation.aws-cfn.getStackEvents.cfnModel.describeStackEvents([{"StackName":"[***]rmation:eu-[***]st-[***]05:stack/[***]ify-[***]7a465764-[***]ing-[***]651-[***]9aa9680-[***]MXQEVE/[***]25c0-[***]c2-[***]ec-[***]a4-[***]8fd17"}])
2021-10-01T14:19:44.088Z|info : amplify-provider-awscloudformation.aws-cfn.getStackEvents.cfnModel.describeStackEvents([{"StackName":"[***]rmation:eu-[***]st-[***]05:stack/[***]ify-[***]7a465764-[***]ing-[***]651/[***]8fe0-[***]bf-[***]ec-[***]60-[***]e8acf"}])
2021-10-01T14:19:44.452Z|info : amplify-provider-awscloudformation.aws-cfn.getStackEvents.cfnModel.describeStackEvents([{"StackName":"[***]rmation:eu-[***]st-[***]05:stack/[***]ify-[***]7a465764-[***]ing-[***]651-[***]9aa9680-[***]MXQEVE/[***]25c0-[***]c2-[***]ec-[***]a4-[***]8fd17"}])
2021-10-01T14:19:48.504Z|info : amplify-provider-awscloudformation.aws-cfn.getStackEvents.cfnModel.describeStackEvents([{"StackName":"[***]ify-[***]7a465764-[***]ing-[***]651"}])
2021-10-01T14:19:48.960Z|info : amplify-provider-awscloudformation.aws-cfn.getStackEvents.cfnModel.describeStackEvents([{"StackName":"[***]rmation:eu-[***]st-[***]05:stack/[***]ify-[***]7a465764-[***]ing-[***]651-[***]9aa9680-[***]MXQEVE/[***]25c0-[***]c2-[***]ec-[***]a4-[***]8fd17"}])
2021-10-01T14:19:49.060Z|info : amplify-provider-awscloudformation.aws-cfn.getStackEvents.cfnModel.describeStackEvents([{"StackName":"[***]rmation:eu-[***]st-[***]05:stack/[***]ify-[***]7a465764-[***]ing-[***]651/[***]8fe0-[***]bf-[***]ec-[***]60-[***]e8acf"}])
2021-10-01T14:19:49.395Z|info : amplify-provider-awscloudformation.aws-cfn.getStackEvents.cfnModel.describeStackEvents([{"StackName":"[***]rmation:eu-[***]st-[***]05:stack/[***]ify-[***]7a465764-[***]ing-[***]651-[***]9aa9680-[***]MXQEVE/[***]25c0-[***]c2-[***]ec-[***]a4-[***]8fd17"}])
2021-10-01T14:19:53.505Z|info : amplify-provider-awscloudformation.aws-cfn.getStackEvents.cfnModel.describeStackEvents([{"StackName":"[***]ify-[***]7a465764-[***]ing-[***]651"}])
2021-10-01T14:19:54.049Z|info : amplify-provider-awscloudformation.aws-cfn.getStackEvents.cfnModel.describeStackEvents([{"StackName":"[***]rmation:eu-[***]st-[***]05:stack/[***]ify-[***]7a465764-[***]ing-[***]651-[***]9aa9680-[***]MXQEVE/[***]25c0-[***]c2-[***]ec-[***]a4-[***]8fd17"}])
2021-10-01T14:19:54.149Z|info : amplify-provider-awscloudformation.aws-cfn.getStackEvents.cfnModel.describeStackEvents([{"StackName":"[***]rmation:eu-[***]st-[***]05:stack/[***]ify-[***]7a465764-[***]ing-[***]651/[***]8fe0-[***]bf-[***]ec-[***]60-[***]e8acf"}])
2021-10-01T14:19:54.494Z|info : amplify-provider-awscloudformation.aws-cfn.getStackEvents.cfnModel.describeStackEvents([{"StackName":"[***]rmation:eu-[***]st-[***]05:stack/[***]ify-[***]7a465764-[***]ing-[***]651-[***]9aa9680-[***]MXQEVE/[***]25c0-[***]c2-[***]ec-[***]a4-[***]8fd17"}])
2021-10-01T14:19:58.504Z|info : amplify-provider-awscloudformation.aws-cfn.getStackEvents.cfnModel.describeStackEvents([{"StackName":"[***]ify-[***]7a465764-[***]ing-[***]651"}])
2021-10-01T14:19:59.057Z|info : amplify-provider-awscloudformation.aws-cfn.getStackEvents.cfnModel.describeStackEvents([{"StackName":"[***]rmation:eu-[***]st-[***]05:stack/[***]ify-[***]7a465764-[***]ing-[***]651-[***]9aa9680-[***]MXQEVE/[***]25c0-[***]c2-[***]ec-[***]a4-[***]8fd17"}])
2021-10-01T14:19:59.156Z|info : amplify-provider-awscloudformation.aws-cfn.getStackEvents.cfnModel.describeStackEvents([{"StackName":"[***]rmation:eu-[***]st-[***]05:stack/[***]ify-[***]7a465764-[***]ing-[***]651/[***]8fe0-[***]bf-[***]ec-[***]60-[***]e8acf"}])
2021-10-01T14:19:59.500Z|info : amplify-provider-awscloudformation.aws-cfn.getStackEvents.cfnModel.describeStackEvents([{"StackName":"[***]rmation:eu-[***]st-[***]05:stack/[***]ify-[***]7a465764-[***]ing-[***]651-[***]9aa9680-[***]MXQEVE/[***]25c0-[***]c2-[***]ec-[***]a4-[***]8fd17"}])
2021-10-01T14:20:03.505Z|info : amplify-provider-awscloudformation.aws-cfn.getStackEvents.cfnModel.describeStackEvents([{"StackName":"[***]ify-[***]7a465764-[***]ing-[***]651"}])
2021-10-01T14:20:04.013Z|info : amplify-provider-awscloudformation.aws-cfn.getStackEvents.cfnModel.describeStackEvents([{"StackName":"[***]rmation:eu-[***]st-[***]05:stack/[***]ify-[***]7a465764-[***]ing-[***]651-[***]9aa9680-[***]MXQEVE/[***]25c0-[***]c2-[***]ec-[***]a4-[***]8fd17"}])
2021-10-01T14:20:04.114Z|info : amplify-provider-awscloudformation.aws-cfn.getStackEvents.cfnModel.describeStackEvents([{"StackName":"[***]rmation:eu-[***]st-[***]05:stack/[***]ify-[***]7a465764-[***]ing-[***]651/[***]8fe0-[***]bf-[***]ec-[***]60-[***]e8acf"}])
2021-10-01T14:20:04.448Z|info : amplify-provider-awscloudformation.aws-cfn.getStackEvents.cfnModel.describeStackEvents([{"StackName":"[***]rmation:eu-[***]st-[***]05:stack/[***]ify-[***]7a465764-[***]ing-[***]651-[***]9aa9680-[***]MXQEVE/[***]25c0-[***]c2-[***]ec-[***]a4-[***]8fd17"}])
2021-10-01T14:20:08.503Z|info : amplify-provider-awscloudformation.aws-cfn.getStackEvents.cfnModel.describeStackEvents([{"StackName":"[***]ify-[***]7a465764-[***]ing-[***]651"}])
2021-10-01T14:20:08.892Z|info : amplify-provider-awscloudformation.aws-cfn.getStackEvents.cfnModel.describeStackEvents([{"StackName":"[***]rmation:eu-[***]st-[***]05:stack/[***]ify-[***]7a465764-[***]ing-[***]651-[***]9aa9680-[***]MXQEVE/[***]25c0-[***]c2-[***]ec-[***]a4-[***]8fd17"}])
2021-10-01T14:20:08.990Z|info : amplify-provider-awscloudformation.aws-cfn.getStackEvents.cfnModel.describeStackEvents([{"StackName":"[***]rmation:eu-[***]st-[***]05:stack/[***]ify-[***]7a465764-[***]ing-[***]651/[***]8fe0-[***]bf-[***]ec-[***]60-[***]e8acf"}])
2021-10-01T14:20:09.362Z|info : amplify-provider-awscloudformation.aws-cfn.getStackEvents.cfnModel.describeStackEvents([{"StackName":"[***]rmation:eu-[***]st-[***]05:stack/[***]ify-[***]7a465764-[***]ing-[***]651-[***]9aa9680-[***]MXQEVE/[***]25c0-[***]c2-[***]ec-[***]a4-[***]8fd17"}])
2021-10-01T14:20:13.503Z|info : amplify-provider-awscloudformation.aws-cfn.getStackEvents.cfnModel.describeStackEvents([{"StackName":"[***]ify-[***]7a465764-[***]ing-[***]651"}])
2021-10-01T14:20:13.827Z|info : amplify-provider-awscloudformation.aws-cfn.getStackEvents.cfnModel.describeStackEvents([{"StackName":"[***]rmation:eu-[***]st-[***]05:stack/[***]ify-[***]7a465764-[***]ing-[***]651-[***]9aa9680-[***]MXQEVE/[***]25c0-[***]c2-[***]ec-[***]a4-[***]8fd17"}])
2021-10-01T14:20:13.925Z|info : amplify-provider-awscloudformation.aws-cfn.getStackEvents.cfnModel.describeStackEvents([{"StackName":"[***]rmation:eu-[***]st-[***]05:stack/[***]ify-[***]7a465764-[***]ing-[***]651/[***]8fe0-[***]bf-[***]ec-[***]60-[***]e8acf"}])
2021-10-01T14:20:14.271Z|info : amplify-provider-awscloudformation.aws-cfn.getStackEvents.cfnModel.describeStackEvents([{"StackName":"[***]rmation:eu-[***]st-[***]05:stack/[***]ify-[***]7a465764-[***]ing-[***]651-[***]9aa9680-[***]MXQEVE/[***]25c0-[***]c2-[***]ec-[***]a4-[***]8fd17"}])
2021-10-01T14:20:18.505Z|info : amplify-provider-awscloudformation.aws-cfn.getStackEvents.cfnModel.describeStackEvents([{"StackName":"[***]ify-[***]7a465764-[***]ing-[***]651"}])
2021-10-01T14:20:18.886Z|info : amplify-provider-awscloudformation.aws-cfn.getStackEvents.cfnModel.describeStackEvents([{"StackName":"[***]rmation:eu-[***]st-[***]05:stack/[***]ify-[***]7a465764-[***]ing-[***]651-[***]9aa9680-[***]MXQEVE/[***]25c0-[***]c2-[***]ec-[***]a4-[***]8fd17"}])
2021-10-01T14:20:18.985Z|info : amplify-provider-awscloudformation.aws-cfn.getStackEvents.cfnModel.describeStackEvents([{"StackName":"[***]rmation:eu-[***]st-[***]05:stack/[***]ify-[***]7a465764-[***]ing-[***]651/[***]8fe0-[***]bf-[***]ec-[***]60-[***]e8acf"}])
2021-10-01T14:20:19.388Z|info : amplify-provider-awscloudformation.aws-cfn.getStackEvents.cfnModel.describeStackEvents([{"StackName":"[***]rmation:eu-[***]st-[***]05:stack/[***]ify-[***]7a465764-[***]ing-[***]651-[***]9aa9680-[***]MXQEVE/[***]25c0-[***]c2-[***]ec-[***]a4-[***]8fd17"}])
2021-10-01T14:20:23.504Z|info : amplify-provider-awscloudformation.aws-cfn.getStackEvents.cfnModel.describeStackEvents([{"StackName":"[***]ify-[***]7a465764-[***]ing-[***]651"}])
2021-10-01T14:20:23.891Z|info : amplify-provider-awscloudformation.aws-cfn.getStackEvents.cfnModel.describeStackEvents([{"StackName":"[***]rmation:eu-[***]st-[***]05:stack/[***]ify-[***]7a465764-[***]ing-[***]651-[***]9aa9680-[***]MXQEVE/[***]25c0-[***]c2-[***]ec-[***]a4-[***]8fd17"}])
2021-10-01T14:20:23.990Z|info : amplify-provider-awscloudformation.aws-cfn.getStackEvents.cfnModel.describeStackEvents([{"StackName":"[***]rmation:eu-[***]st-[***]05:stack/[***]ify-[***]7a465764-[***]ing-[***]651/[***]8fe0-[***]bf-[***]ec-[***]60-[***]e8acf"}])
2021-10-01T14:20:24.403Z|info : amplify-provider-awscloudformation.aws-cfn.getStackEvents.cfnModel.describeStackEvents([{"StackName":"[***]rmation:eu-[***]st-[***]05:stack/[***]ify-[***]7a465764-[***]ing-[***]651-[***]9aa9680-[***]MXQEVE/[***]25c0-[***]c2-[***]ec-[***]a4-[***]8fd17"}])
2021-10-01T14:20:28.505Z|info : amplify-provider-awscloudformation.aws-cfn.getStackEvents.cfnModel.describeStackEvents([{"StackName":"[***]ify-[***]7a465764-[***]ing-[***]651"}])
2021-10-01T14:20:28.968Z|info : amplify-provider-awscloudformation.aws-cfn.getStackEvents.cfnModel.describeStackEvents([{"StackName":"[***]rmation:eu-[***]st-[***]05:stack/[***]ify-[***]7a465764-[***]ing-[***]651-[***]9aa9680-[***]MXQEVE/[***]25c0-[***]c2-[***]ec-[***]a4-[***]8fd17"}])
2021-10-01T14:20:29.067Z|info : amplify-provider-awscloudformation.aws-cfn.getStackEvents.cfnModel.describeStackEvents([{"StackName":"[***]rmation:eu-[***]st-[***]05:stack/[***]ify-[***]7a465764-[***]ing-[***]651/[***]8fe0-[***]bf-[***]ec-[***]60-[***]e8acf"}])
2021-10-01T14:20:29.465Z|info : amplify-provider-awscloudformation.aws-cfn.getStackEvents.cfnModel.describeStackEvents([{"StackName":"[***]rmation:eu-[***]st-[***]05:stack/[***]ify-[***]7a465764-[***]ing-[***]651-[***]9aa9680-[***]MXQEVE/[***]25c0-[***]c2-[***]ec-[***]a4-[***]8fd17"}])
2021-10-01T14:20:33.505Z|info : amplify-provider-awscloudformation.aws-cfn.getStackEvents.cfnModel.describeStackEvents([{"StackName":"[***]ify-[***]7a465764-[***]ing-[***]651"}])
2021-10-01T14:20:33.940Z|info : amplify-provider-awscloudformation.aws-cfn.getStackEvents.cfnModel.describeStackEvents([{"StackName":"[***]rmation:eu-[***]st-[***]05:stack/[***]ify-[***]7a465764-[***]ing-[***]651-[***]9aa9680-[***]MXQEVE/[***]25c0-[***]c2-[***]ec-[***]a4-[***]8fd17"}])
2021-10-01T14:20:34.038Z|info : amplify-provider-awscloudformation.aws-cfn.getStackEvents.cfnModel.describeStackEvents([{"StackName":"[***]rmation:eu-[***]st-[***]05:stack/[***]ify-[***]7a465764-[***]ing-[***]651/[***]8fe0-[***]bf-[***]ec-[***]60-[***]e8acf"}])
2021-10-01T14:20:34.410Z|info : amplify-provider-awscloudformation.aws-cfn.getStackEvents.cfnModel.describeStackEvents([{"StackName":"[***]rmation:eu-[***]st-[***]05:stack/[***]ify-[***]7a465764-[***]ing-[***]651-[***]9aa9680-[***]MXQEVE/[***]25c0-[***]c2-[***]ec-[***]a4-[***]8fd17"}])
2021-10-01T14:20:38.507Z|info : amplify-provider-awscloudformation.aws-cfn.getStackEvents.cfnModel.describeStackEvents([{"StackName":"[***]ify-[***]7a465764-[***]ing-[***]651"}])
2021-10-01T14:20:38.920Z|info : amplify-provider-awscloudformation.aws-cfn.getStackEvents.cfnModel.describeStackEvents([{"StackName":"[***]rmation:eu-[***]st-[***]05:stack/[***]ify-[***]7a465764-[***]ing-[***]651-[***]9aa9680-[***]MXQEVE/[***]25c0-[***]c2-[***]ec-[***]a4-[***]8fd17"}])
2021-10-01T14:20:39.019Z|info : amplify-provider-awscloudformation.aws-cfn.getStackEvents.cfnModel.describeStackEvents([{"StackName":"[***]rmation:eu-[***]st-[***]05:stack/[***]ify-[***]7a465764-[***]ing-[***]651/[***]8fe0-[***]bf-[***]ec-[***]60-[***]e8acf"}])
2021-10-01T14:20:39.402Z|info : amplify-provider-awscloudformation.aws-cfn.getStackEvents.cfnModel.describeStackEvents([{"StackName":"[***]rmation:eu-[***]st-[***]05:stack/[***]ify-[***]7a465764-[***]ing-[***]651-[***]9aa9680-[***]MXQEVE/[***]25c0-[***]c2-[***]ec-[***]a4-[***]8fd17"}])
2021-10-01T14:20:43.506Z|info : amplify-provider-awscloudformation.aws-cfn.getStackEvents.cfnModel.describeStackEvents([{"StackName":"[***]ify-[***]7a465764-[***]ing-[***]651"}])
